2023-04-02 23:30:44.507289 - Initialized conversion of CBT330
2023-04-02 23:30:44.948651 - Received CBT.V504.FILE330.PDS from FILE330.XMI 
2023-04-02 23:30:44.951394 - Found $$$#DATE.txt (text/plain) in CBT.V504.FILE330.PDS, moved to PDS/$$$#DATE
2023-04-02 23:30:44.952450 - Found $$$CCSD.txt (text/plain) in CBT.V504.FILE330.PDS, moved to PDS/$$$CCSD
2023-04-02 23:30:44.953634 - Found $$$COBA.txt (text/plain) in CBT.V504.FILE330.PDS, moved to PDS/$$$COBA
2023-04-02 23:30:44.954964 - Found $$$SMF88.txt (text/plain) in CBT.V504.FILE330.PDS, moved to PDS/$$$SMF88
2023-04-02 23:30:44.956014 - Found $$CCNOTE.txt (text/plain) in CBT.V504.FILE330.PDS, moved to PDS/$$CCNOTE
2023-04-02 23:30:44.957527 - Found $$CCNOT1.txt (text/plain) in CBT.V504.FILE330.PDS, moved to PDS/$$CCNOT1
2023-04-02 23:30:44.958554 - Found $$README.txt (text/plain) in CBT.V504.FILE330.PDS, moved to PDS/$$README
2023-04-02 23:30:44.959500 - Found $INSTALL.txt (text/plain) in CBT.V504.FILE330.PDS, moved to PDS/$INSTALL
2023-04-02 23:30:44.960625 - Found $PDSLCOB.jcl (text/plain) in CBT.V504.FILE330.PDS, moved to PDS/$PDSLCOB
2023-04-02 23:30:44.961568 - Found $RECCCSD.txt (text/plain) in CBT.V504.FILE330.PDS, moved to PDS/$RECCCSD
2023-04-02 23:30:44.962441 - Found $RECCOBA.txt (text/plain) in CBT.V504.FILE330.PDS, moved to PDS/$RECCOBA
2023-04-02 23:30:44.963293 - Found $RECVALL.txt (text/plain) in CBT.V504.FILE330.PDS, moved to PDS/$RECVALL
2023-04-02 23:30:44.964145 - Found @FILE330.txt (text/plain) in CBT.V504.FILE330.PDS, moved to PDS/@FILE330
2023-04-02 23:30:45.834308 - Found CCSDEXEC.xmi (application/xmit) in CBT.V504.FILE330.PDS
2023-04-02 23:30:45.946190   - Received to CBT330/CCSD.SISPEXEC
2023-04-02 23:30:46.045630 - Found CCSDLOAD.xmi (application/xmit) in CBT.V504.FILE330.PDS
2023-04-02 23:30:46.064882   - Received RECFM=U data, stored XMIT file as CBT330/CCSDLOAD.xmi
2023-04-02 23:30:46.065907 - Found CCSDMENU.txt (text/plain) in CBT.V504.FILE330.PDS, moved to PDS/CCSDMENU
2023-04-02 23:30:46.789364 - Found CCSDPENU.xmi (application/xmit) in CBT.V504.FILE330.PDS
2023-04-02 23:30:46.893851   - Received to CBT330/CCSD.SISPPENU
2023-04-02 23:30:46.973378 - Found CCSDSENU.xmi (application/xmit) in CBT.V504.FILE330.PDS
2023-04-02 23:30:46.992803   - Received to CBT330/CCSD.SISPSENU
2023-04-02 23:30:47.003249 - Found CCSDTENU.xmi (application/xmit) in CBT.V504.FILE330.PDS
2023-04-02 23:30:47.010790   - Received to CBT330/CCSD.SISPTENU
2023-04-02 23:30:47.332800 - Found COBAEXEC.xmi (application/xmit) in CBT.V504.FILE330.PDS
2023-04-02 23:30:47.371737   - Received to CBT330/COBA.SISPEXEC
2023-04-02 23:30:47.383561 - Found COBALOAD.xmi (application/xmit) in CBT.V504.FILE330.PDS
2023-04-02 23:30:47.392725   - Received RECFM=U data, stored XMIT file as CBT330/COBALOAD.xmi
2023-04-02 23:30:47.414252 - Found COBAMENU.xmi (application/xmit) in CBT.V504.FILE330.PDS
2023-04-02 23:30:47.420027   - Received to CBT330/COBA.SISPMENU
2023-04-02 23:30:47.546788 - Found COBAPENU.xmi (application/xmit) in CBT.V504.FILE330.PDS
2023-04-02 23:30:47.572766   - Received to CBT330/COBA.SISPPENU
2023-04-02 23:30:47.588172 - Found COBATENU.xmi (application/xmit) in CBT.V504.FILE330.PDS
2023-04-02 23:30:47.600993   - Received to CBT330/COBA.SISPTENU
